<?xml version="1.0" encoding="UTF-8"?>
<!-- Generated by org.testng.reporters.JUnitReportReporter -->
<testsuite skipped="0" hostname="DESKTOP-8JMGK7S" name="Academy.HomePage" tests="2" failures="0" timestamp="2020-06-11T13:23:42 EDT" time="17.753" errors="0">
  <testcase name="basePageNavigation" time="6.839" classname="Academy.HomePage"/>
  <system-out/>
  <testcase name="basePageNavigation" time="10.914" classname="Academy.HomePage"/>
  <system-out/>
</testsuite> <!-- Academy.HomePage -->
